<?xml version="1.0" encoding="UTF-8"?>
<testsuite name="com.example.managingsystem.ManagingSystemApplicationTests" tests="1" skipped="0" failures="0" errors="0" timestamp="2020-03-04T09:57:07" hostname="simonass" time="0.205">
  <properties/>
  <testcase name="contextLoads()" classname="com.example.managingsystem.ManagingSystemApplicationTests" time="0.205"/>
  <system-out><![CDATA[11:57:05.604 [Test worker] DEBUG org.springframework.test.context.BootstrapUtils - Instantiating CacheAwareContextLoaderDelegate from class [org.springframework.test.context.cache.DefaultCacheAwareContextLoaderDelegate]
11:57:05.617 [Test worker] DEBUG org.springframework.test.context.BootstrapUtils - Instantiating BootstrapContext using constructor [public org.springframework.test.context.support.DefaultBootstrapContext(java.lang.Class,org.springframework.test.context.CacheAwareContextLoaderDelegate)]
11:57:05.645 [Test worker] DEBUG org.springframework.test.context.BootstrapUtils - Instantiating TestContextBootstrapper for test class [com.example.managingsystem.ManagingSystemApplicationTests] from class [org.springframework.boot.test.context.SpringBootTestContextBootstrapper]
11:57:05.660 [Test worker] INFO org.springframework.boot.test.context.SpringBootTestContextBootstrapper - Neither @ContextConfiguration nor @ContextHierarchy found for test class [com.example.managingsystem.ManagingSystemApplicationTests], using SpringBootContextLoader
11:57:05.665 [Test worker] DEBUG org.springframework.test.context.support.AbstractContextLoader - Did not detect default resource location for test class [com.example.managingsystem.ManagingSystemApplicationTests]: class path resource [com/example/managingsystem/ManagingSystemApplicationTests-context.xml] does not exist
11:57:05.666 [Test worker] DEBUG org.springframework.test.context.support.AbstractContextLoader - Did not detect default resource location for test class [com.example.managingsystem.ManagingSystemApplicationTests]: class path resource [com/example/managingsystem/ManagingSystemApplicationTestsContext.groovy] does not exist
11:57:05.666 [Test worker] INFO org.springframework.test.context.support.AbstractContextLoader - Could not detect default resource locations for test class [com.example.managingsystem.ManagingSystemApplicationTests]: no resource found for suffixes {-context.xml, Context.groovy}.
11:57:05.667 [Test worker] INFO org.springframework.test.context.support.AnnotationConfigContextLoaderUtils - Could not detect default configuration classes for test class [com.example.managingsystem.ManagingSystemApplicationTests]: ManagingSystemApplicationTests does not declare any static, non-private, non-final, nested classes annotated with @Configuration.
11:57:05.705 [Test worker] DEBUG org.springframework.test.context.support.ActiveProfilesUtils - Could not find an 'annotation declaring class' for annotation type [org.springframework.test.context.ActiveProfiles] and class [com.example.managingsystem.ManagingSystemApplicationTests]
11:57:05.775 [Test worker] DEBUG org.springframework.context.annotation.ClassPathScanningCandidateComponentProvider - Identified candidate component class: file [/home/simonass/Fleethand/managing-system/build/classes/java/main/com/example/managingsystem/ManagingSystemApplication.class]
11:57:05.777 [Test worker] INFO org.springframework.boot.test.context.SpringBootTestContextBootstrapper - Found @SpringBootConfiguration com.example.managingsystem.ManagingSystemApplication for test class com.example.managingsystem.ManagingSystemApplicationTests
11:57:05.876 [Test worker] DEBUG org.springframework.boot.test.context.SpringBootTestContextBootstrapper - @TestExecutionListeners is not present for class [com.example.managingsystem.ManagingSystemApplicationTests]: using defaults.
11:57:05.876 [Test worker] INFO org.springframework.boot.test.context.SpringBootTestContextBootstrapper - Loaded default TestExecutionListener class names from location [META-INF/spring.factories]: [org.springframework.boot.test.autoconfigure.restdocs.RestDocsTestExecutionListener, org.springframework.boot.test.autoconfigure.web.client.MockRestServiceServerResetTestExecutionListener, org.springframework.boot.test.autoconfigure.web.servlet.MockMvcPrintOnlyOnFailureTestExecutionListener, org.springframework.boot.test.autoconfigure.web.servlet.WebDriverTestExecutionListener, org.springframework.boot.test.mock.mockito.MockitoTestExecutionListener, org.springframework.boot.test.mock.mockito.ResetMocksTestExecutionListener, org.springframework.test.context.web.ServletTestExecutionListener, org.springframework.test.context.support.DirtiesContextBeforeModesTestExecutionListener, org.springframework.test.context.support.DependencyInjectionTestExecutionListener, org.springframework.test.context.support.DirtiesContextTestExecutionListener, org.springframework.test.context.transaction.TransactionalTestExecutionListener, org.springframework.test.context.jdbc.SqlScriptsTestExecutionListener, org.springframework.test.context.event.EventPublishingTestExecutionListener]
11:57:05.887 [Test worker] DEBUG org.springframework.boot.test.context.SpringBootTestContextBootstrapper - Skipping candidate TestExecutionListener [org.springframework.test.context.transaction.TransactionalTestExecutionListener] due to a missing dependency. Specify custom listener classes or make the default listener classes and their required dependencies available. Offending class: [org/springframework/transaction/TransactionDefinition]
11:57:05.887 [Test worker] DEBUG org.springframework.boot.test.context.SpringBootTestContextBootstrapper - Skipping candidate TestExecutionListener [org.springframework.test.context.jdbc.SqlScriptsTestExecutionListener] due to a missing dependency. Specify custom listener classes or make the default listener classes and their required dependencies available. Offending class: [org/springframework/transaction/interceptor/TransactionAttribute]
11:57:05.888 [Test worker] INFO org.springframework.boot.test.context.SpringBootTestContextBootstrapper - Using TestExecutionListeners: [org.springframework.test.context.web.ServletTestExecutionListener@34ee8572, org.springframework.test.context.support.DirtiesContextBeforeModesTestExecutionListener@69213093, org.springframework.boot.test.mock.mockito.MockitoTestExecutionListener@11e81e7e, org.springframework.boot.test.autoconfigure.SpringBootDependencyInjectionTestExecutionListener@3ddd3f2b, org.springframework.test.context.support.DirtiesContextTestExecutionListener@7dd8f8f7, org.springframework.test.context.event.EventPublishingTestExecutionListener@1d1dfa77, org.springframework.boot.test.autoconfigure.restdocs.RestDocsTestExecutionListener@4c570c44, org.springframework.boot.test.autoconfigure.web.client.MockRestServiceServerResetTestExecutionListener@18274682, org.springframework.boot.test.autoconfigure.web.servlet.MockMvcPrintOnlyOnFailureTestExecutionListener@22821a31, org.springframework.boot.test.autoconfigure.web.servlet.WebDriverTestExecutionListener@50be8254, org.springframework.boot.test.mock.mockito.ResetMocksTestExecutionListener@247f912b]
11:57:05.892 [Test worker] DEBUG org.springframework.test.context.support.AbstractDirtiesContextTestExecutionListener - Before test class: context [DefaultTestContext@191c9708 testClass = ManagingSystemApplicationTests, testInstance = [null], testMethod = [null], testException = [null], mergedContextConfiguration = [WebMergedContextConfiguration@653298d5 testClass = ManagingSystemApplicationTests, locations = '{}', classes = '{class com.example.managingsystem.ManagingSystemApplication}', contextInitializerClasses = '[]', activeProfiles = '{}', propertySourceLocations = '{}', propertySourceProperties = '{org.springframework.boot.test.context.SpringBootTestContextBootstrapper=true}', contextCustomizers = set[org.springframework.boot.test.autoconfigure.properties.PropertyMappingContextCustomizer@0, org.springframework.boot.test.autoconfigure.web.servlet.WebDriverContextCustomizerFactory$Customizer@30fe82a4, org.springframework.boot.test.context.filter.ExcludeFilterContextCustomizer@438e6982, org.springframework.boot.test.json.DuplicateJsonObjectContextCustomizerFactory$DuplicateJsonObjectContextCustomizer@2a3c0d1, org.springframework.boot.test.mock.mockito.MockitoContextCustomizer@0, org.springframework.boot.test.web.client.TestRestTemplateContextCustomizer@720ed8fe], resourceBasePath = 'src/main/webapp', contextLoader = 'org.springframework.boot.test.context.SpringBootContextLoader', parent = [null]], attributes = map['org.springframework.test.context.web.ServletTestExecutionListener.activateListener' -> true]], class annotated with @DirtiesContext [false] with mode [null].
11:57:05.917 [Test worker] DEBUG org.springframework.test.context.support.TestPropertySourceUtils - Adding inlined properties to environment: {spring.jmx.enabled=false, org.springframework.boot.test.context.SpringBootTestContextBootstrapper=true, server.port=-1}

  .   ____          _            __ _ _
 /\\ / ___'_ __ _ _(_)_ __  __ _ \ \ \ \
( ( )\___ | '_ | '_| | '_ \/ _` | \ \ \ \
 \\/  ___)| |_)| | | | | || (_| |  ) ) ) )
  '  |____| .__|_| |_|_| |_\__, | / / / /
 =========|_|==============|___/=/_/_/_/
 :: Spring Boot ::        (v2.2.4.RELEASE)

2020-03-04 11:57:06.167  INFO 588 --- [    Test worker] c.e.m.ManagingSystemApplicationTests     : Starting ManagingSystemApplicationTests on simonass with PID 588 (started by simonass in /home/simonass/Fleethand/managing-system)
2020-03-04 11:57:06.169  INFO 588 --- [    Test worker] c.e.m.ManagingSystemApplicationTests     : No active profile set, falling back to default profiles: default
2020-03-04 11:57:07.463  INFO 588 --- [    Test worker] o.s.s.concurrent.ThreadPoolTaskExecutor  : Initializing ExecutorService 'applicationTaskExecutor'
2020-03-04 11:57:07.692  INFO 588 --- [    Test worker] c.e.m.ManagingSystemApplicationTests     : Started ManagingSystemApplicationTests in 1.768 seconds (JVM running for 2.807)
]]></system-out>
  <system-err><![CDATA[]]></system-err>
</testsuite>
